============================= test session starts ==============================
platform darwin -- Python 3.13.2, pytest-9.0.3, pluggy-1.6.0
rootdir: /Users/chanwoong-park/Desktop/배재대/Africa_Youth
configfile: pyproject.toml
testpaths: tests
collected 14 items

tests/test_integration.py ....                                           [ 28%]
tests/test_policy.py .....                                               [ 64%]
tests/test_sni_parser.py .....                                           [100%]

============================== 14 passed in 2.47s ==============================
